<?xml version="1.0" encoding="UTF-8"?>
<!-- Generated by org.testng.reporters.JUnitReportReporter -->
<testsuite hostname="Vietnam-4658" failures="0" tests="4" name="test.GroupTest" time="7.268" errors="0" timestamp="2023-06-27T09:49:57 ICT" skipped="0">
  <testcase classname="test.GroupTest" name="TestNav" time="3.305"/>
  <system-out/>
  <testcase classname="test.GroupTest" name="TestLogin" time="1.889"/>
  <system-out/>
  <testcase classname="test.GroupTest" name="TestGetUsername" time="0.400"/>
  <system-out/>
  <testcase classname="test.GroupTest" name="TestNavtoAdmin" time="1.674"/>
  <system-out/>
</testsuite> <!-- test.GroupTest -->
